<?xml version="1.0" encoding="UTF-8"?>
<coverage generated="1732597879262" clover="3.2.0">
  <project timestamp="1732597879263" name="All files">
    <metrics statements="32" coveredstatements="31" conditionals="6" coveredconditionals="6" methods="13" coveredmethods="11" elements="51" coveredelements="48" complexity="0" loc="32" ncloc="32" packages="3" files="3" classes="3"/>
    <package name="errors">
      <metrics statements="5" coveredstatements="5" conditionals="0" coveredconditionals="0" methods="2" coveredmethods="2"/>
      <file name="index.ts" path="C:\Users\Kay P\Documents\GitHub\ternsecurejs\src\errors\index.ts">
        <metrics statements="5" coveredstatements="5" conditionals="0" coveredconditionals="0" methods="2" coveredmethods="2"/>
        <line num="1" count="1" type="stmt"/>
        <line num="4" count="4" type="stmt"/>
        <line num="7" count="1" type="stmt"/>
        <line num="9" count="4" type="stmt"/>
        <line num="10" count="4" type="stmt"/>
      </file>
    </package>
    <package name="hooks">
      <metrics statements="4" coveredstatements="4" conditionals="3" coveredconditionals="3" methods="1" coveredmethods="1"/>
      <file name="useAuth.ts" path="C:\Users\Kay P\Documents\GitHub\ternsecurejs\src\hooks\useAuth.ts">
        <metrics statements="4" coveredstatements="4" conditionals="3" coveredconditionals="3" methods="1" coveredmethods="1"/>
        <line num="1" count="1" type="stmt"/>
        <line num="2" count="1" type="stmt"/>
        <line num="3" count="9" type="stmt"/>
        <line num="4" count="4" type="stmt"/>
      </file>
    </package>
    <package name="providers">
      <metrics statements="23" coveredstatements="22" conditionals="3" coveredconditionals="3" methods="10" coveredmethods="8"/>
      <file name="TernSecureProvider.tsx" path="C:\Users\Kay P\Documents\GitHub\ternsecurejs\src\providers\TernSecureProvider.tsx">
        <metrics statements="23" coveredstatements="22" conditionals="3" coveredconditionals="3" methods="10" coveredmethods="8"/>
        <line num="3" count="1" type="stmt"/>
        <line num="4" count="1" type="stmt"/>
        <line num="5" count="1" type="stmt"/>
        <line num="8" count="1" type="stmt"/>
        <line num="9" count="1" type="stmt"/>
        <line num="11" count="1" type="stmt"/>
        <line num="12" count="9" type="stmt"/>
        <line num="13" count="8" type="cond" truecount="3" falsecount="0"/>
        <line num="14" count="4" type="stmt"/>
        <line num="16" count="4" type="stmt"/>
        <line num="19" count="1" type="stmt"/>
        <line num="20" count="4" type="stmt"/>
        <line num="21" count="2" type="stmt"/>
        <line num="22" count="2" type="stmt"/>
        <line num="30" count="4" type="stmt"/>
        <line num="31" count="2" type="stmt"/>
        <line num="32" count="2" type="stmt"/>
        <line num="34" count="2" type="stmt"/>
        <line num="36" count="2" type="stmt"/>
        <line num="44" count="0" type="stmt"/>
        <line num="53" count="2" type="stmt"/>
        <line num="56" count="4" type="stmt"/>
        <line num="62" count="4" type="stmt"/>
      </file>
    </package>
  </project>
</coverage>
