{"C:\\Users\\Kay P\\Documents\\GitHub\\ternsecurejs\\src\\errors\\index.ts": {"path":"C:\\Users\\Kay P\\Documents\\GitHub\\ternsecurejs\\src\\errors\\index.ts","statementMap":{"0":{"start":{"line":1,"column":13},"end":{"line":5,"column":13}},"1":{"start":{"line":4,"column":40},"end":{"line":4,"column":92}},"2":{"start":{"line":9,"column":6},"end":{"line":9,"column":21}},"3":{"start":{"line":10,"column":6},"end":{"line":10,"column":36}},"4":{"start":{"line":7,"column":2},"end":{"line":7,"column":15}}},"fnMap":{"0":{"name":"(anonymous_0)","decl":{"start":{"line":4,"column":18},"end":{"line":4,"column":19}},"loc":{"start":{"line":4,"column":40},"end":{"line":4,"column":92}}},"1":{"name":"(anonymous_1)","decl":{"start":{"line":8,"column":4},"end":{"line":8,"column":16}},"loc":{"start":{"line":8,"column":31},"end":{"line":11,"column":5}}}},"branchMap":{},"s":{"0":1,"1":4,"2":4,"3":4,"4":1},"f":{"0":4,"1":4},"b":{}}
,"C:\\Users\\Kay P\\Documents\\GitHub\\ternsecurejs\\src\\hooks\\useAuth.ts": {"path":"C:\\Users\\Kay P\\Documents\\GitHub\\ternsecurejs\\src\\hooks\\useAuth.ts","statementMap":{"0":{"start":{"line":2,"column":0},"end":{"line":2,"column":16}},"1":{"start":{"line":1,"column":0},"end":{"line":1,"column":69}},"2":{"start":{"line":3,"column":32},"end":{"line":3,"column":61}},"3":{"start":{"line":4,"column":4},"end":{"line":13,"column":6}}},"fnMap":{"0":{"name":"useAuth","decl":{"start":{"line":2,"column":16},"end":{"line":2,"column":23}},"loc":{"start":{"line":2,"column":23},"end":{"line":14,"column":1}}}},"branchMap":{"0":{"loc":{"start":{"line":11,"column":25},"end":{"line":11,"column":88}},"type":"binary-expr","locations":[{"start":{"line":11,"column":25},"end":{"line":11,"column":41}},{"start":{"line":11,"column":45},"end":{"line":11,"column":63}},{"start":{"line":11,"column":67},"end":{"line":11,"column":88}}]}},"s":{"0":1,"1":1,"2":9,"3":4},"f":{"0":9},"b":{"0":[4,1,1]}}
,"C:\\Users\\Kay P\\Documents\\GitHub\\ternsecurejs\\src\\providers\\TernSecureProvider.tsx": {"path":"C:\\Users\\Kay P\\Documents\\GitHub\\ternsecurejs\\src\\providers\\TernSecureProvider.tsx","statementMap":{"0":{"start":{"line":19,"column":0},"end":{"line":19,"column":16}},"1":{"start":{"line":3,"column":0},"end":{"line":3,"column":71}},"2":{"start":{"line":4,"column":0},"end":{"line":4,"column":58}},"3":{"start":{"line":5,"column":0},"end":{"line":5,"column":52}},"4":{"start":{"line":8,"column":29},"end":{"line":8,"column":59}},"5":{"start":{"line":9,"column":26},"end":{"line":9,"column":76}},"6":{"start":{"line":11,"column":34},"end":{"line":17,"column":1}},"7":{"start":{"line":12,"column":18},"end":{"line":12,"column":47}},"8":{"start":{"line":13,"column":2},"end":{"line":15,"column":3}},"9":{"start":{"line":14,"column":4},"end":{"line":14,"column":61}},"10":{"start":{"line":16,"column":2},"end":{"line":16,"column":17}},"11":{"start":{"line":11,"column":13},"end":{"line":11,"column":34}},"12":{"start":{"line":20,"column":36},"end":{"line":28,"column":4}},"13":{"start":{"line":21,"column":17},"end":{"line":21,"column":36}},"14":{"start":{"line":22,"column":4},"end":{"line":27,"column":6}},"15":{"start":{"line":30,"column":2},"end":{"line":54,"column":9}},"16":{"start":{"line":31,"column":17},"end":{"line":31,"column":36}},"17":{"start":{"line":32,"column":4},"end":{"line":32,"column":55}},"18":{"start":{"line":32,"column":26},"end":{"line":32,"column":52}},"19":{"start":{"line":34,"column":24},"end":{"line":50,"column":null}},"20":{"start":{"line":36,"column":8},"end":{"line":41,"column":12}},"21":{"start":{"line":36,"column":30},"end":{"line":41,"column":10}},"22":{"start":{"line":44,"column":8},"end":{"line":49,"column":12}},"23":{"start":{"line":44,"column":30},"end":{"line":49,"column":10}},"24":{"start":{"line":53,"column":4},"end":{"line":53,"column":31}},"25":{"start":{"line":53,"column":17},"end":{"line":53,"column":30}},"26":{"start":{"line":56,"column":47},"end":{"line":60,"column":4}},"27":{"start":{"line":62,"column":2},"end":{"line":66,"column":4}}},"fnMap":{"0":{"name":"(anonymous_0)","decl":{"start":{"line":11,"column":34},"end":{"line":11,"column":35}},"loc":{"start":{"line":11,"column":79},"end":{"line":17,"column":1}}},"1":{"name":"TernSecureProvider","decl":{"start":{"line":19,"column":16},"end":{"line":19,"column":34}},"loc":{"start":{"line":19,"column":72},"end":{"line":67,"column":1}}},"2":{"name":"(anonymous_2)","decl":{"start":{"line":20,"column":56},"end":{"line":20,"column":59}},"loc":{"start":{"line":20,"column":61},"end":{"line":28,"column":3}}},"3":{"name":"(anonymous_3)","decl":{"start":{"line":30,"column":12},"end":{"line":30,"column":15}},"loc":{"start":{"line":30,"column":17},"end":{"line":54,"column":3}}},"4":{"name":"(anonymous_4)","decl":{"start":{"line":32,"column":17},"end":{"line":32,"column":21}},"loc":{"start":{"line":32,"column":26},"end":{"line":32,"column":52}}},"5":{"name":"(anonymous_5)","decl":{"start":{"line":35,"column":6},"end":{"line":35,"column":11}},"loc":{"start":{"line":35,"column":21},"end":{"line":42,"column":7}}},"6":{"name":"(anonymous_6)","decl":{"start":{"line":36,"column":21},"end":{"line":36,"column":25}},"loc":{"start":{"line":36,"column":30},"end":{"line":41,"column":10}}},"7":{"name":"(anonymous_7)","decl":{"start":{"line":43,"column":6},"end":{"line":43,"column":7}},"loc":{"start":{"line":43,"column":16},"end":{"line":50,"column":7}}},"8":{"name":"(anonymous_8)","decl":{"start":{"line":44,"column":21},"end":{"line":44,"column":25}},"loc":{"start":{"line":44,"column":30},"end":{"line":49,"column":10}}},"9":{"name":"(anonymous_9)","decl":{"start":{"line":53,"column":11},"end":{"line":53,"column":14}},"loc":{"start":{"line":53,"column":17},"end":{"line":53,"column":30}}}},"branchMap":{"0":{"loc":{"start":{"line":13,"column":2},"end":{"line":15,"column":3}},"type":"if","locations":[{"start":{"line":13,"column":2},"end":{"line":15,"column":3}}]},"1":{"loc":{"start":{"line":13,"column":6},"end":{"line":13,"column":62}},"type":"binary-expr","locations":[{"start":{"line":13,"column":6},"end":{"line":13,"column":14}},{"start":{"line":13,"column":18},"end":{"line":13,"column":62}}]}},"s":{"0":1,"1":1,"2":1,"3":1,"4":1,"5":1,"6":1,"7":9,"8":8,"9":4,"10":4,"11":1,"12":4,"13":2,"14":2,"15":4,"16":2,"17":2,"18":2,"19":2,"20":2,"21":2,"22":0,"23":0,"24":2,"25":2,"26":4,"27":4},"f":{"0":9,"1":4,"2":2,"3":2,"4":2,"5":2,"6":2,"7":0,"8":0,"9":2},"b":{"0":[4],"1":[8,4]}}
}
