TN:
SF:src\errors\index.ts
FN:4,(anonymous_0)
FN:8,(anonymous_1)
FNF:2
FNH:2
FNDA:4,(anonymous_0)
FNDA:4,(anonymous_1)
DA:1,1
DA:4,4
DA:7,1
DA:9,4
DA:10,4
LF:5
LH:5
BRF:0
BRH:0
end_of_record
TN:
SF:src\hooks\useAuth.ts
FN:2,useAuth
FNF:1
FNH:1
FNDA:9,useAuth
DA:1,1
DA:2,1
DA:3,9
DA:4,4
LF:4
LH:4
BRDA:11,0,0,4
BRDA:11,0,1,1
BRDA:11,0,2,1
BRF:3
BRH:3
end_of_record
TN:
SF:src\providers\TernSecureProvider.tsx
FN:11,(anonymous_0)
FN:19,TernSecureProvider
FN:20,(anonymous_2)
FN:30,(anonymous_3)
FN:32,(anonymous_4)
FN:35,(anonymous_5)
FN:36,(anonymous_6)
FN:43,(anonymous_7)
FN:44,(anonymous_8)
FN:53,(anonymous_9)
FNF:10
FNH:8
FNDA:9,(anonymous_0)
FNDA:4,TernSecureProvider
FNDA:2,(anonymous_2)
FNDA:2,(anonymous_3)
FNDA:2,(anonymous_4)
FNDA:2,(anonymous_5)
FNDA:2,(anonymous_6)
FNDA:0,(anonymous_7)
FNDA:0,(anonymous_8)
FNDA:2,(anonymous_9)
DA:3,1
DA:4,1
DA:5,1
DA:8,1
DA:9,1
DA:11,1
DA:12,9
DA:13,8
DA:14,4
DA:16,4
DA:19,1
DA:20,4
DA:21,2
DA:22,2
DA:30,4
DA:31,2
DA:32,2
DA:34,2
DA:36,2
DA:44,0
DA:53,2
DA:56,4
DA:62,4
LF:23
LH:22
BRDA:13,0,0,4
BRDA:13,1,0,8
BRDA:13,1,1,4
BRF:3
BRH:3
end_of_record
